(C:$0824) a
ERROR -- Wrong syntax:
  a
   ^
(C:$0824) ls
Displaying directory: `/Users/nicholas/Repos/gasiordev/c64-dev'
     <dir> .
     <dir> ..
     <dir> .git
     12288 .demo.s.swp
       212 Makefile
       739 Makefile_old
       214 README.md
        99 demo.prg
      1248 demo.s
      1998 demo.sid
        41 demo.tmp
       127 demo1.s
       694 demo2.s
       409 demo3.s
        30 labels.txt
         0 monitor.log
         0 x64sc.err
       229 x64sc.log
(C:$0824) x
(C:$0829) 
(C:$0829) 
